<?xml version="1.0" encoding="UTF-8"?>
<!-- Generated by org.testng.reporters.JUnitReportReporter -->
<testsuite skipped="0" hostname="DESKTOP-3ACENMM" name="MavenCMDtest.calss1" tests="2" failures="0" timestamp="2023-03-31T17:13:17 IST" time="0.024" errors="0">
  <testcase name="maven" time="0.004" classname="MavenCMDtest.calss1"/>
  <system-out/>
  <testcase name="command" time="0.020" classname="MavenCMDtest.calss1"/>
  <system-out/>
</testsuite> <!-- MavenCMDtest.calss1 -->
