<?xml version="1.0" encoding="UTF-8"?>
<!-- Generated by org.testng.reporters.JUnitReportReporter -->
<testsuite skipped="0" hostname="DESKTOP-3ACENMM" name="MavenCMDtest.practiestest" tests="2" failures="0" timestamp="2023-03-31T17:17:09 IST" time="0.022" errors="0">
  <testcase name="Expan1" time="0.019" classname="MavenCMDtest.practiestest"/>
  <system-out/>
  <testcase name="Expand" time="0.003" classname="MavenCMDtest.practiestest"/>
  <system-out/>
</testsuite> <!-- MavenCMDtest.practiestest -->
