<?xml version="1.0" encoding="UTF-8"?>
<!-- Generated by org.testng.reporters.JUnitReportReporter -->
<testsuite skipped="0" hostname="DESKTOP-3ACENMM" name="MavenCMDtest.Parameter" tests="1" failures="0" timestamp="2023-04-03T10:20:02 IST" time="0.019" errors="0">
  <testcase name="TC_01" time="0.019" classname="MavenCMDtest.Parameter"/>
  <system-out/>
</testsuite> <!-- MavenCMDtest.Parameter -->
