<?xml version="1.0" encoding="UTF-8"?>
<!-- Generated by org.testng.reporters.JUnitReportReporter -->
<testsuite hostname="DESKTOP-3ACENMM" failures="0" tests="1" name="MavenCMDtest.Parameter" time="0.021" errors="0" timestamp="2023-04-07T10:15:13 IST" skipped="0">
  <testcase classname="MavenCMDtest.Parameter" name="TC_01" time="0.021"/>
  <system-out/>
</testsuite> <!-- MavenCMDtest.Parameter -->
